C51 COMPILER V9.60.0.0   AUTOFAN                                                           07/22/2022 08:15:46 PAGE 1   


C51 COMPILER V9.60.0.0, COMPILATION OF MODULE AUTOFAN
OBJECT MODULE PLACED IN .\Objects\autoFan.obj
COMPILER INVOKED BY: C:\Keil_v5\C51\BIN\C51.EXE autoFan.c OPTIMIZE(8,SPEED) BROWSE DEBUG OBJECTEXTEND PRINT(.\Listings\a
                    -utoFan.lst) TABS(2) OBJECT(.\Objects\autoFan.obj)

line level    source

   1          
   2          
   3          #include<reg51.h>
   4          #include<intrins.h>
   5          sbit load1= p1^0;
*** ERROR C202 IN LINE 5 OF autoFan.c: 'p1': undefined identifier
   6          sbit load2= p2^1;
*** ERROR C202 IN LINE 6 OF autoFan.c: 'p2': undefined identifier
   7          sbit load3= p3^2;
*** ERROR C202 IN LINE 7 OF autoFan.c: 'p3': undefined identifier
   8          sbit load4= p4^3;
*** ERROR C202 IN LINE 8 OF autoFan.c: 'p4': undefined identifier
   9          
  10          void main()
  11          {
  12   1        SCON = 0x50;
  13   1        TMOD = 0x20;
  14   1        TH1 = -3;
  15   1        TR = 1;
*** ERROR C202 IN LINE 15 OF autoFan.c: 'TR': undefined identifier
  16   1        while(1)
  17   1        {
  18   2              while(RI == 0);
  19   2              x=SBUF;
*** ERROR C202 IN LINE 19 OF autoFan.c: 'x': undefined identifier
  20   2              SBUF=x;
*** ERROR C202 IN LINE 20 OF autoFan.c: 'x': undefined identifier
  21   2              while(TI == 0);
  22   2              TI = 0;
  23   2              if(x == '1')
*** ERROR C202 IN LINE 23 OF autoFan.c: 'x': undefined identifier
  24   2              {
  25   3                   load1=1;          //load1 off
*** ERROR C202 IN LINE 25 OF autoFan.c: 'load1': undefined identifier
  26   3              }
  27   2               if(x == '2')
*** ERROR C202 IN LINE 27 OF autoFan.c: 'x': undefined identifier
  28   2              {
  29   3                   load1=0;        //load1 on
*** ERROR C202 IN LINE 29 OF autoFan.c: 'load1': undefined identifier
  30   3              }
  31   2              
  32   2              
  33   2              //now for load2
  34   2               if(x == '3')
*** ERROR C202 IN LINE 34 OF autoFan.c: 'x': undefined identifier
  35   2              {
  36   3                   load2=1;          //load2 off
*** ERROR C202 IN LINE 36 OF autoFan.c: 'load2': undefined identifier
  37   3              }
  38   2               if(x == '4')
*** ERROR C202 IN LINE 38 OF autoFan.c: 'x': undefined identifier
  39   2              {
  40   3                   load3=0;        //load2 on
C51 COMPILER V9.60.0.0   AUTOFAN                                                           07/22/2022 08:15:46 PAGE 2   

*** ERROR C202 IN LINE 40 OF autoFan.c: 'load3': undefined identifier
  41   3              }
  42   2              
  43   2              //now for load3
  44   2               if(x == '5')
*** ERROR C202 IN LINE 44 OF autoFan.c: 'x': undefined identifier
  45   2              {
  46   3                   load3=1;          //load3 off
*** ERROR C202 IN LINE 46 OF autoFan.c: 'load3': undefined identifier
  47   3              }
  48   2               if(x == '6')
*** ERROR C202 IN LINE 48 OF autoFan.c: 'x': undefined identifier
  49   2              {
  50   3                   load3=0;        //load3 on
*** ERROR C202 IN LINE 50 OF autoFan.c: 'load3': undefined identifier
  51   3              }
  52   2              
  53   2                //now for load4
  54   2               if(x == '7')
*** ERROR C202 IN LINE 54 OF autoFan.c: 'x': undefined identifier
  55   2              {
  56   3                   load4=1;          //load4 off
*** ERROR C202 IN LINE 56 OF autoFan.c: 'load4': undefined identifier
  57   3              }
  58   2               if(x == '8')
*** ERROR C202 IN LINE 58 OF autoFan.c: 'x': undefined identifier
  59   2              {
  60   3                   load4=0;        //load4 on
*** ERROR C202 IN LINE 60 OF autoFan.c: 'load4': undefined identifier
  61   3              }
  62   2          
  63   2          
  64   2        } 
  65   1        
  66   1      }
  67            

C51 COMPILATION COMPLETE.  0 WARNING(S),  23 ERROR(S)
